<?xml version="1.0" encoding="UTF-8"?>
<coverage generated="1595432846762" clover="3.2.0">
  <project timestamp="1595432846763" name="All files">
    <metrics statements="10" coveredstatements="10" conditionals="0" coveredconditionals="0" methods="5" coveredmethods="5" elements="15" coveredelements="15" complexity="0" loc="10" ncloc="10" packages="1" files="5" classes="5"/>
    <file name="ex1_18.js" path="C:\Users\looph\Documents\Meus projetos\Arbyte\jest-intro\ex1_18.js">
      <metrics statements="2" coveredstatements="2" conditionals="0" coveredconditionals="0" methods="1" coveredmethods="1"/>
      <line num="2" count="1" type="stmt"/>
      <line num="5" count="1" type="stmt"/>
    </file>
    <file name="ex2_18.js" path="C:\Users\looph\Documents\Meus projetos\Arbyte\jest-intro\ex2_18.js">
      <metrics statements="2" coveredstatements="2" conditionals="0" coveredconditionals="0" methods="1" coveredmethods="1"/>
      <line num="2" count="1" type="stmt"/>
      <line num="5" count="1" type="stmt"/>
    </file>
    <file name="ex3_18.js" path="C:\Users\looph\Documents\Meus projetos\Arbyte\jest-intro\ex3_18.js">
      <metrics statements="2" coveredstatements="2" conditionals="0" coveredconditionals="0" methods="1" coveredmethods="1"/>
      <line num="2" count="1" type="stmt"/>
      <line num="5" count="1" type="stmt"/>
    </file>
    <file name="ex4_18.js" path="C:\Users\looph\Documents\Meus projetos\Arbyte\jest-intro\ex4_18.js">
      <metrics statements="2" coveredstatements="2" conditionals="0" coveredconditionals="0" methods="1" coveredmethods="1"/>
      <line num="2" count="1" type="stmt"/>
      <line num="6" count="1" type="stmt"/>
    </file>
    <file name="ex5_18.js" path="C:\Users\looph\Documents\Meus projetos\Arbyte\jest-intro\ex5_18.js">
      <metrics statements="2" coveredstatements="2" conditionals="0" coveredconditionals="0" methods="1" coveredmethods="1"/>
      <line num="3" count="1" type="stmt"/>
      <line num="6" count="1" type="stmt"/>
    </file>
  </project>
</coverage>
