{"C:\\Users\\looph\\Documents\\Meus projetos\\Arbyte\\jest-intro\\ex1_18.js": {"path":"C:\\Users\\looph\\Documents\\Meus projetos\\Arbyte\\jest-intro\\ex1_18.js","statementMap":{"0":{"start":{"line":2,"column":4},"end":{"line":2,"column":16}},"1":{"start":{"line":5,"column":0},"end":{"line":5,"column":21}}},"fnMap":{"0":{"name":"soma","decl":{"start":{"line":1,"column":9},"end":{"line":1,"column":13}},"loc":{"start":{"line":1,"column":20},"end":{"line":3,"column":1}},"line":1}},"branchMap":{},"s":{"0":1,"1":1},"f":{"0":1},"b":{},"_coverageSchema":"1a1c01bbd47fc00a2c39e90264f33305004495a9","hash":"e2c9f91bf685821dec7ccd99c90d846f8309672b"}
,"C:\\Users\\looph\\Documents\\Meus projetos\\Arbyte\\jest-intro\\ex2_18.js": {"path":"C:\\Users\\looph\\Documents\\Meus projetos\\Arbyte\\jest-intro\\ex2_18.js","statementMap":{"0":{"start":{"line":2,"column":4},"end":{"line":2,"column":20}},"1":{"start":{"line":5,"column":0},"end":{"line":5,"column":25}}},"fnMap":{"0":{"name":"somaTres","decl":{"start":{"line":1,"column":9},"end":{"line":1,"column":17}},"loc":{"start":{"line":1,"column":25},"end":{"line":3,"column":1}},"line":1}},"branchMap":{},"s":{"0":1,"1":1},"f":{"0":1},"b":{},"_coverageSchema":"1a1c01bbd47fc00a2c39e90264f33305004495a9","hash":"3714e35a1c33e1270eebd9f755158451456a08c8"}
,"C:\\Users\\looph\\Documents\\Meus projetos\\Arbyte\\jest-intro\\ex3_18.js": {"path":"C:\\Users\\looph\\Documents\\Meus projetos\\Arbyte\\jest-intro\\ex3_18.js","statementMap":{"0":{"start":{"line":2,"column":4},"end":{"line":2,"column":16}},"1":{"start":{"line":5,"column":0},"end":{"line":5,"column":27}}},"fnMap":{"0":{"name":"multiplica","decl":{"start":{"line":1,"column":9},"end":{"line":1,"column":19}},"loc":{"start":{"line":1,"column":26},"end":{"line":3,"column":1}},"line":1}},"branchMap":{},"s":{"0":1,"1":1},"f":{"0":1},"b":{},"_coverageSchema":"1a1c01bbd47fc00a2c39e90264f33305004495a9","hash":"e954dcfef3345caa8e65f38f7a86b3957773f501"}
,"C:\\Users\\looph\\Documents\\Meus projetos\\Arbyte\\jest-intro\\ex4_18.js": {"path":"C:\\Users\\looph\\Documents\\Meus projetos\\Arbyte\\jest-intro\\ex4_18.js","statementMap":{"0":{"start":{"line":2,"column":4},"end":{"line":2,"column":22}},"1":{"start":{"line":6,"column":0},"end":{"line":6,"column":23}}},"fnMap":{"0":{"name":"vamoVe","decl":{"start":{"line":1,"column":9},"end":{"line":1,"column":15}},"loc":{"start":{"line":1,"column":23},"end":{"line":3,"column":1}},"line":1}},"branchMap":{},"s":{"0":1,"1":1},"f":{"0":1},"b":{},"_coverageSchema":"1a1c01bbd47fc00a2c39e90264f33305004495a9","hash":"01e3461256d2d8e6ad2595c3df5566fee05a29c1"}
,"C:\\Users\\looph\\Documents\\Meus projetos\\Arbyte\\jest-intro\\ex5_18.js": {"path":"C:\\Users\\looph\\Documents\\Meus projetos\\Arbyte\\jest-intro\\ex5_18.js","statementMap":{"0":{"start":{"line":3,"column":4},"end":{"line":3,"column":24}},"1":{"start":{"line":6,"column":0},"end":{"line":6,"column":29}}},"fnMap":{"0":{"name":"qualExpoente","decl":{"start":{"line":1,"column":9},"end":{"line":1,"column":21}},"loc":{"start":{"line":1,"column":27},"end":{"line":4,"column":1}},"line":1}},"branchMap":{},"s":{"0":1,"1":1},"f":{"0":1},"b":{},"_coverageSchema":"1a1c01bbd47fc00a2c39e90264f33305004495a9","hash":"bf00471d672407e292aac5194a9fc94a2b959e52"}
}
