TN:
SF:ex1_18.js
FN:1,soma
FNF:1
FNH:1
FNDA:1,soma
DA:2,1
DA:5,1
LF:2
LH:2
BRF:0
BRH:0
end_of_record
TN:
SF:ex2_18.js
FN:1,somaTres
FNF:1
FNH:1
FNDA:1,somaTres
DA:2,1
DA:5,1
LF:2
LH:2
BRF:0
BRH:0
end_of_record
TN:
SF:ex3_18.js
FN:1,multiplica
FNF:1
FNH:1
FNDA:1,multiplica
DA:2,1
DA:5,1
LF:2
LH:2
BRF:0
BRH:0
end_of_record
TN:
SF:ex4_18.js
FN:1,vamoVe
FNF:1
FNH:1
FNDA:1,vamoVe
DA:2,1
DA:6,1
LF:2
LH:2
BRF:0
BRH:0
end_of_record
TN:
SF:ex5_18.js
FN:1,qualExpoente
FNF:1
FNH:1
FNDA:1,qualExpoente
DA:3,1
DA:6,1
LF:2
LH:2
BRF:0
BRH:0
end_of_record
